k:\dryapp\dryapp\x64\release\dryeyeapp.pch
k:\dryapp\dryapp\x64\release\vc143.pdb
k:\dryapp\dryapp\x64\release\stdafx.obj
k:\dryapp\dryapp\x64\release\shellzip.obj
k:\dryapp\dryapp\x64\release\rwthread.obj
k:\dryapp\dryapp\x64\release\runingpolygon.obj
k:\dryapp\dryapp\x64\release\netserverthread.obj
k:\dryapp\dryapp\x64\release\netdir.obj
k:\dryapp\dryapp\x64\release\multithread.obj
k:\dryapp\dryapp\x64\release\mpthread.obj
k:\dryapp\dryapp\x64\release\mfile.obj
k:\dryapp\dryapp\x64\release\mdnsstruct.obj
k:\dryapp\dryapp\x64\release\mdnsreader.obj
k:\dryapp\dryapp\x64\release\mdns.obj
k:\dryapp\dryapp\x64\release\makepolyline.obj
k:\dryapp\dryapp\x64\release\lzwstrmo.obj
k:\dryapp\dryapp\x64\release\lzwstrmi.obj
k:\dryapp\dryapp\x64\release\lzwdecom.obj
k:\dryapp\dryapp\x64\release\lzwcomp.obj
k:\dryapp\dryapp\x64\release\localsemaphore.obj
k:\dryapp\dryapp\x64\release\buildervoron2d.obj
k:\dryapp\dryapp\x64\release\allergoscopeapp.obj
k:\dryapp\dryapp\x64\release\aboutbox.obj
k:\dryapp\dryapp\x64\release\_ffile.obj
k:\dryapp\dryapp\x64\release\variable.obj
k:\dryapp\dryapp\x64\release\timerandview.obj
h:\bin64u\dryeyeapp.exe
h:\bin64u\dryeyeapp.pdb
k:\dryapp\dryapp\x64\release\allergoscopeapp.res
k:\dryapp\dryapp\x64\release\dryeyeapp.tlog\cl.command.1.tlog
k:\dryapp\dryapp\x64\release\dryeyeapp.tlog\cl.items.tlog
k:\dryapp\dryapp\x64\release\dryeyeapp.tlog\cl.read.1.tlog
k:\dryapp\dryapp\x64\release\dryeyeapp.tlog\cl.write.1.tlog
k:\dryapp\dryapp\x64\release\dryeyeapp.tlog\link.command.1.tlog
k:\dryapp\dryapp\x64\release\dryeyeapp.tlog\link.read.1.tlog
k:\dryapp\dryapp\x64\release\dryeyeapp.tlog\link.secondary.1.tlog
k:\dryapp\dryapp\x64\release\dryeyeapp.tlog\link.write.1.tlog
k:\dryapp\dryapp\x64\release\dryeyeapp.tlog\rc.command.1.tlog
k:\dryapp\dryapp\x64\release\dryeyeapp.tlog\rc.read.1.tlog
k:\dryapp\dryapp\x64\release\dryeyeapp.tlog\rc.write.1.tlog
