k:\allergoscopeapp\allergoscopeapp\x64\debug\allergoscopeapp.pch
k:\allergoscopeapp\allergoscopeapp\x64\debug\vc142.pdb
k:\allergoscopeapp\allergoscopeapp\x64\debug\stdafx.obj
k:\allergoscopeapp\allergoscopeapp\x64\debug\lzwstrmi.obj
k:\allergoscopeapp\allergoscopeapp\x64\debug\lzwdecom.obj
k:\allergoscopeapp\allergoscopeapp\x64\debug\lzwcomp.obj
k:\allergoscopeapp\allergoscopeapp\x64\debug\_ffile.obj
k:\allergoscopeapp\allergoscopeapp\x64\debug\timerandview.obj
k:\allergoscopeapp\allergoscopeapp\x64\debug\shellzip.obj
k:\allergoscopeapp\allergoscopeapp\x64\debug\runingpolygon.obj
k:\allergoscopeapp\allergoscopeapp\x64\debug\rwthread.obj
k:\allergoscopeapp\allergoscopeapp\x64\debug\netserverthread.obj
k:\allergoscopeapp\allergoscopeapp\x64\debug\netdir.obj
k:\allergoscopeapp\allergoscopeapp\x64\debug\multithread.obj
k:\allergoscopeapp\allergoscopeapp\x64\debug\makepolyline.obj
k:\allergoscopeapp\allergoscopeapp\x64\debug\mpthread.obj
k:\allergoscopeapp\allergoscopeapp\x64\debug\mdnsstruct.obj
k:\allergoscopeapp\allergoscopeapp\x64\debug\mdnsreader.obj
k:\allergoscopeapp\allergoscopeapp\x64\debug\mdns.obj
k:\allergoscopeapp\allergoscopeapp\x64\debug\localsemaphore.obj
k:\allergoscopeapp\allergoscopeapp\x64\debug\buildervoron2d.obj
k:\allergoscopeapp\allergoscopeapp\x64\debug\aboutbox.obj
k:\allergoscopeapp\allergoscopeapp\x64\debug\variable.obj
k:\allergoscopeapp\allergoscopeapp\x64\debug\mfile.obj
k:\allergoscopeapp\allergoscopeapp\x64\debug\lzwstrmo.obj
k:\allergoscopeapp\allergoscopeapp\x64\debug\allergoscopeapp.obj
h:\bin64\allergoscopeapp.exe
k:\allergoscopeapp\allergoscopeapp\x64\debug\allergoscopeapp.ilk
h:\bin64\allergoscopeapp.pdb
k:\allergoscopeapp\allergoscopeapp\x64\debug\allergoscopeapp.res
k:\allergoscopeapp\allergoscopeapp\x64\debug\allergoscopeapp.tlog\cl.command.1.tlog
k:\allergoscopeapp\allergoscopeapp\x64\debug\allergoscopeapp.tlog\cl.read.1.tlog
k:\allergoscopeapp\allergoscopeapp\x64\debug\allergoscopeapp.tlog\cl.write.1.tlog
k:\allergoscopeapp\allergoscopeapp\x64\debug\allergoscopeapp.tlog\link.command.1.tlog
k:\allergoscopeapp\allergoscopeapp\x64\debug\allergoscopeapp.tlog\link.read.1.tlog
k:\allergoscopeapp\allergoscopeapp\x64\debug\allergoscopeapp.tlog\link.write.1.tlog
k:\allergoscopeapp\allergoscopeapp\x64\debug\allergoscopeapp.tlog\rc.command.1.tlog
k:\allergoscopeapp\allergoscopeapp\x64\debug\allergoscopeapp.tlog\rc.read.1.tlog
k:\allergoscopeapp\allergoscopeapp\x64\debug\allergoscopeapp.tlog\rc.write.1.tlog
