k:\dryapp\dryapp\x64\debug\aboutbox.obj
k:\dryapp\dryapp\x64\debug\allergoscopeapp.obj
k:\dryapp\dryapp\x64\debug\buildervoron2d.obj
k:\dryapp\dryapp\x64\debug\localsemaphore.obj
k:\dryapp\dryapp\x64\debug\lzwcomp.obj
k:\dryapp\dryapp\x64\debug\lzwdecom.obj
k:\dryapp\dryapp\x64\debug\lzwstrmi.obj
k:\dryapp\dryapp\x64\debug\lzwstrmo.obj
k:\dryapp\dryapp\x64\debug\makepolyline.obj
k:\dryapp\dryapp\x64\debug\mdns.obj
k:\dryapp\dryapp\x64\debug\mdnsreader.obj
k:\dryapp\dryapp\x64\debug\mdnsstruct.obj
k:\dryapp\dryapp\x64\debug\mfile.obj
k:\dryapp\dryapp\x64\debug\mpthread.obj
k:\dryapp\dryapp\x64\debug\multithread.obj
k:\dryapp\dryapp\x64\debug\netdir.obj
k:\dryapp\dryapp\x64\debug\netserverthread.obj
k:\dryapp\dryapp\x64\debug\runingpolygon.obj
k:\dryapp\dryapp\x64\debug\rwthread.obj
k:\dryapp\dryapp\x64\debug\shellzip.obj
k:\dryapp\dryapp\x64\debug\stdafx.obj
k:\dryapp\dryapp\x64\debug\timerandview.obj
k:\dryapp\dryapp\x64\debug\variable.obj
k:\dryapp\dryapp\x64\debug\_ffile.obj
k:\dryapp\dryapp\x64\debug\dryapp.ilk
k:\dryapp\dryapp\x64\debug\allergoscopeapp.res
k:\dryapp\dryapp\x64\debug\dryapp.pch
k:\dryapp\dryapp\x64\debug\vc143.pdb
